07/07/2020 14:13:47 INFO [27682] SETUP_NEW_INSTANCE -  [CRON] SETUP INSTANCE - callDeploymentApi - Start
07/07/2020 14:13:47 INFO [27682] SETUP_NEW_INSTANCE -  [CRON] SETUP INSTANCE - callDeploymentApi - End
07/07/2020 14:13:47 INFO [27682] SETUP_NEW_INSTANCE -  [CRON] SETUP INSTANCE - callDeploymentApi - Start
07/07/2020 14:13:48 INFO [27682] SETUP_NEW_INSTANCE -  [CRON] SETUP INSTANCE - callDeploymentApi - End
Thu Jan 14 09:36:48 2021,962 [5115] INFO PLATFORM - [CRON] Started sendInvitation
Thu Jan 14 09:36:49 2021,742 [5115] INFO PLATFORM - [CRON] Finished sendInvitation
Thu Jan 14 09:36:49 2021,761 [5115] INFO PLATFORM - [CRON] Started sendCalendarReminder
Thu Jan 14 09:36:49 2021,769 [5115] INFO PLATFORM - [CRON] Finished sendCalendarReminder
Thu Jan 14 09:36:49 2021,788 [5115] INFO PLATFORM - [CRON] Started sendReminderMsg
Thu Jan 14 09:36:49 2021,810 [5115] INFO PLATFORM - [CRON] Finished sendReminderMsg
Thu Jan 14 09:36:49 2021,853 [5115] INFO PLATFORM - [CRON] Started processEmailQueue
Thu Jan 14 09:36:49 2021,964 [5115] INFO PLATFORM - [CRON] Finished processEmailQueue
Thu Jan 14 09:38:36 2021,314 [1036] INFO PLATFORM - [CRON] Started sendInvitation
Thu Jan 14 09:38:37 2021,173 [1036] INFO PLATFORM - [CRON] Finished sendInvitation
Thu Jan 14 09:38:37 2021,193 [1036] INFO PLATFORM - [CRON] Started sendCalendarReminder
Thu Jan 14 09:38:37 2021,201 [1036] INFO PLATFORM - [CRON] Finished sendCalendarReminder
Thu Jan 14 09:38:37 2021,243 [1036] INFO PLATFORM - [CRON] Started sendReminderMsg
Thu Jan 14 09:38:37 2021,252 [1036] INFO PLATFORM - [CRON] Finished sendReminderMsg
Thu Jan 14 09:38:37 2021,275 [1036] INFO PLATFORM - [CRON] Started processEmailQueue
Thu Jan 14 09:38:37 2021,299 [1036] INFO PLATFORM - [CRON] Finished processEmailQueue
Thu Jan 14 09:38:37 2021,359 [1036] INFO SETUP_NEW_INSTANCE - [CRON] SETUP INSTANCE - Start Setup
Thu Jan 14 09:38:37 2021,402 [1036] INFO SETUP_NEW_INSTANCE - [CRON] SETUP INSTANCE - callDeploymentApi - Start
Thu Jan 14 09:40:48 2021,303 [1036] INFO SETUP_NEW_INSTANCE - [CRON] SETUP INSTANCE - callDeploymentApi - End
Thu Jan 14 09:40:48 2021,307 [1036] INFO SETUP_NEW_INSTANCE - [CRON] SETUP INSTANCE - callDeploymentApi - Start
Thu Jan 14 09:42:12 2021,571 [1042] INFO PLATFORM - [CRON] Started sendInvitation
Thu Jan 14 09:42:12 2021,938 [1042] INFO PLATFORM - [CRON] Finished sendInvitation
Thu Jan 14 09:42:12 2021,967 [1042] INFO PLATFORM - [CRON] Started sendCalendarReminder
Thu Jan 14 09:42:12 2021,973 [1042] INFO PLATFORM - [CRON] Finished sendCalendarReminder
Thu Jan 14 09:42:12 2021,992 [1042] INFO PLATFORM - [CRON] Started sendReminderMsg
Thu Jan 14 09:42:13 2021,001 [1042] INFO PLATFORM - [CRON] Finished sendReminderMsg
Thu Jan 14 09:42:13 2021,024 [1042] INFO PLATFORM - [CRON] Started processEmailQueue
Thu Jan 14 09:42:13 2021,044 [1042] INFO PLATFORM - [CRON] Finished processEmailQueue
Thu Jan 14 09:42:59 2021,233 [1035] INFO PLATFORM - [CRON] Started sendInvitation
Thu Jan 14 09:42:59 2021,372 [1036] INFO SETUP_NEW_INSTANCE - [CRON] SETUP INSTANCE - callDeploymentApi - End
Thu Jan 14 09:42:59 2021,373 [1036] ERROR SETUP_NEW_INSTANCE - [CRON] SETUP INSTANCE - check InstanceInfo: Not Existed Instance
Thu Jan 14 09:42:59 2021,744 [1035] INFO PLATFORM - [CRON] Finished sendInvitation
Thu Jan 14 09:42:59 2021,777 [1035] INFO PLATFORM - [CRON] Started sendCalendarReminder
Thu Jan 14 09:42:59 2021,782 [1035] INFO PLATFORM - [CRON] Finished sendCalendarReminder
Thu Jan 14 09:42:59 2021,799 [1035] INFO PLATFORM - [CRON] Started sendReminderMsg
Thu Jan 14 09:42:59 2021,808 [1035] INFO PLATFORM - [CRON] Finished sendReminderMsg
Thu Jan 14 09:42:59 2021,827 [1035] INFO PLATFORM - [CRON] Started processEmailQueue
Thu Jan 14 09:42:59 2021,851 [1035] INFO PLATFORM - [CRON] Finished processEmailQueue
Thu Jan 14 09:43:26 2021,466 [5060] INFO PLATFORM - [CRON] Started sendInvitation
Thu Jan 14 09:43:26 2021,869 [5060] INFO PLATFORM - [CRON] Finished sendInvitation
Thu Jan 14 09:43:26 2021,886 [5060] INFO PLATFORM - [CRON] Started sendCalendarReminder
Thu Jan 14 09:43:26 2021,891 [5060] INFO PLATFORM - [CRON] Finished sendCalendarReminder
Thu Jan 14 09:43:26 2021,916 [5060] INFO PLATFORM - [CRON] Started sendReminderMsg
Thu Jan 14 09:43:26 2021,925 [5060] INFO PLATFORM - [CRON] Finished sendReminderMsg
Thu Jan 14 09:43:26 2021,941 [5060] INFO PLATFORM - [CRON] Started processEmailQueue
Thu Jan 14 09:43:26 2021,958 [5060] INFO PLATFORM - [CRON] Finished processEmailQueue
Thu Jan 14 09:43:27 2021,006 [5060] INFO SETUP_NEW_INSTANCE - [CRON] SETUP INSTANCE - Start Setup
Thu Jan 14 09:43:27 2021,008 [5060] INFO SETUP_NEW_INSTANCE - [CRON] SETUP INSTANCE - callDeploymentApi - Start
Thu Jan 14 09:45:14 2021,568 [1034] INFO PLATFORM - [CRON] Started sendInvitation
Thu Jan 14 09:45:14 2021,574 [1034] INFO PLATFORM - [CRON] Finished sendInvitation
Thu Jan 14 09:45:14 2021,604 [1034] INFO PLATFORM - [CRON] Started sendCalendarReminder
Thu Jan 14 09:45:14 2021,640 [1034] INFO PLATFORM - [CRON] Finished sendCalendarReminder
Thu Jan 14 09:45:14 2021,656 [1034] INFO PLATFORM - [CRON] Started sendReminderMsg
Thu Jan 14 09:45:14 2021,669 [1034] INFO PLATFORM - [CRON] Finished sendReminderMsg
Thu Jan 14 09:45:14 2021,689 [1034] INFO PLATFORM - [CRON] Started processEmailQueue
Thu Jan 14 09:45:14 2021,723 [1034] INFO PLATFORM - [CRON] Finished processEmailQueue
Thu Jan 14 09:45:36 2021,479 [5110] INFO PLATFORM - [CRON] Started sendInvitation
Thu Jan 14 09:45:36 2021,485 [5110] INFO PLATFORM - [CRON] Finished sendInvitation
Thu Jan 14 09:45:36 2021,507 [5110] INFO PLATFORM - [CRON] Started sendCalendarReminder
Thu Jan 14 09:45:36 2021,545 [5110] INFO PLATFORM - [CRON] Finished sendCalendarReminder
Thu Jan 14 09:45:36 2021,562 [5110] INFO PLATFORM - [CRON] Started sendReminderMsg
Thu Jan 14 09:45:36 2021,576 [5110] INFO PLATFORM - [CRON] Finished sendReminderMsg
Thu Jan 14 09:45:36 2021,621 [5110] INFO PLATFORM - [CRON] Started processEmailQueue
Thu Jan 14 09:45:36 2021,662 [5110] INFO PLATFORM - [CRON] Finished processEmailQueue
Thu Jan 14 09:45:37 2021,069 [5060] INFO SETUP_NEW_INSTANCE - [CRON] SETUP INSTANCE - callDeploymentApi - End
Thu Jan 14 09:45:37 2021,070 [5060] INFO SETUP_NEW_INSTANCE - [CRON] SETUP INSTANCE - callDeploymentApi - Start
Thu Jan 14 09:46:48 2021,506 [5115] INFO PLATFORM - [CRON] Started sendInvitation
Thu Jan 14 09:46:48 2021,511 [5115] INFO PLATFORM - [CRON] Finished sendInvitation
Thu Jan 14 09:46:52 2021,935 [5115] INFO PLATFORM - [CRON] Started sendCalendarReminder
Thu Jan 14 09:46:52 2021,967 [5115] INFO PLATFORM - [CRON] Finished sendCalendarReminder
Thu Jan 14 09:46:57 2021,727 [5115] INFO PLATFORM - [CRON] Started sendReminderMsg
Thu Jan 14 09:46:57 2021,756 [5115] INFO PLATFORM - [CRON] Finished sendReminderMsg
Thu Jan 14 09:47:01 2021,431 [5115] INFO PLATFORM - [CRON] Started processEmailQueue
Thu Jan 14 09:47:01 2021,452 [5115] INFO PLATFORM - [CRON] Finished processEmailQueue
Thu Jan 14 09:47:48 2021,147 [5060] INFO SETUP_NEW_INSTANCE - [CRON] SETUP INSTANCE - callDeploymentApi - End
Thu Jan 14 09:47:48 2021,149 [5060] ERROR SETUP_NEW_INSTANCE - [CRON] SETUP INSTANCE - check InstanceInfo: Not Existed Instance
Thu Jan 14 09:49:18 2021,112 [1037] INFO PLATFORM - [CRON] Started sendInvitation
Thu Jan 14 09:49:18 2021,124 [1037] INFO PLATFORM - [CRON] Finished sendInvitation
Thu Jan 14 09:49:18 2021,154 [1037] INFO PLATFORM - [CRON] Started sendCalendarReminder
Thu Jan 14 09:49:18 2021,192 [1037] INFO PLATFORM - [CRON] Finished sendCalendarReminder
Thu Jan 14 09:49:18 2021,215 [1037] INFO PLATFORM - [CRON] Started sendReminderMsg
Thu Jan 14 09:49:18 2021,232 [1037] INFO PLATFORM - [CRON] Finished sendReminderMsg
Thu Jan 14 09:49:18 2021,256 [1037] INFO PLATFORM - [CRON] Started processEmailQueue
Thu Jan 14 09:49:18 2021,293 [1037] INFO PLATFORM - [CRON] Finished processEmailQueue
Thu Jan 14 09:49:18 2021,361 [1037] INFO SETUP_NEW_INSTANCE - [CRON] SETUP INSTANCE - Start Setup
Thu Jan 14 09:49:18 2021,366 [1037] INFO SETUP_NEW_INSTANCE - [CRON] SETUP INSTANCE - callDeploymentApi - Start
Thu Jan 14 09:50:05 2021,168 [1036] INFO PLATFORM - [CRON] Started sendInvitation
Thu Jan 14 09:50:05 2021,174 [1036] INFO PLATFORM - [CRON] Finished sendInvitation
Thu Jan 14 09:50:05 2021,194 [1036] INFO PLATFORM - [CRON] Started sendCalendarReminder
Thu Jan 14 09:50:05 2021,232 [1036] INFO PLATFORM - [CRON] Finished sendCalendarReminder
Thu Jan 14 09:50:05 2021,262 [1036] INFO PLATFORM - [CRON] Started sendReminderMsg
Thu Jan 14 09:50:05 2021,270 [1036] INFO PLATFORM - [CRON] Finished sendReminderMsg
Thu Jan 14 09:50:05 2021,293 [1036] INFO PLATFORM - [CRON] Started processEmailQueue
Thu Jan 14 09:50:05 2021,309 [1036] INFO PLATFORM - [CRON] Finished processEmailQueue
Thu Jan 14 09:50:05 2021,858 [1036] INFO PLATFORM - [CRON] Started sendInvitation
Thu Jan 14 09:50:05 2021,862 [1036] INFO PLATFORM - [CRON] Finished sendInvitation
Thu Jan 14 09:50:05 2021,879 [1036] INFO PLATFORM - [CRON] Started sendCalendarReminder
Thu Jan 14 09:50:05 2021,916 [1036] INFO PLATFORM - [CRON] Finished sendCalendarReminder
Thu Jan 14 09:50:05 2021,943 [1036] INFO PLATFORM - [CRON] Started sendReminderMsg
Thu Jan 14 09:50:05 2021,950 [1036] INFO PLATFORM - [CRON] Finished sendReminderMsg
Thu Jan 14 09:50:05 2021,972 [1036] INFO PLATFORM - [CRON] Started processEmailQueue
Thu Jan 14 09:50:05 2021,988 [1036] INFO PLATFORM - [CRON] Finished processEmailQueue
Thu Jan 14 09:50:07 2021,574 [1036] INFO PLATFORM - [CRON] Started sendInvitation
Thu Jan 14 09:50:07 2021,577 [1036] INFO PLATFORM - [CRON] Finished sendInvitation
Thu Jan 14 09:50:07 2021,591 [1036] INFO PLATFORM - [CRON] Started sendCalendarReminder
Thu Jan 14 09:50:07 2021,609 [1036] INFO PLATFORM - [CRON] Finished sendCalendarReminder
Thu Jan 14 09:50:07 2021,626 [1036] INFO PLATFORM - [CRON] Started sendReminderMsg
Thu Jan 14 09:50:07 2021,630 [1036] INFO PLATFORM - [CRON] Finished sendReminderMsg
Thu Jan 14 09:50:07 2021,653 [1036] INFO PLATFORM - [CRON] Started processEmailQueue
Thu Jan 14 09:50:07 2021,664 [1036] INFO PLATFORM - [CRON] Finished processEmailQueue
Thu Jan 14 09:50:08 2021,360 [1036] INFO PLATFORM - [CRON] Started sendInvitation
Thu Jan 14 09:50:08 2021,363 [1036] INFO PLATFORM - [CRON] Finished sendInvitation
Thu Jan 14 09:50:08 2021,379 [1036] INFO PLATFORM - [CRON] Started sendCalendarReminder
Thu Jan 14 09:50:08 2021,400 [1036] INFO PLATFORM - [CRON] Finished sendCalendarReminder
Thu Jan 14 09:50:08 2021,415 [1036] INFO PLATFORM - [CRON] Started sendReminderMsg
Thu Jan 14 09:50:08 2021,420 [1036] INFO PLATFORM - [CRON] Finished sendReminderMsg
Thu Jan 14 09:50:08 2021,436 [1036] INFO PLATFORM - [CRON] Started processEmailQueue
Thu Jan 14 09:50:08 2021,447 [1036] INFO PLATFORM - [CRON] Finished processEmailQueue
Thu Jan 14 09:50:09 2021,107 [1036] INFO PLATFORM - [CRON] Started sendInvitation
Thu Jan 14 09:50:09 2021,110 [1036] INFO PLATFORM - [CRON] Finished sendInvitation
Thu Jan 14 09:50:09 2021,131 [1036] INFO PLATFORM - [CRON] Started sendCalendarReminder
Thu Jan 14 09:50:09 2021,153 [1036] INFO PLATFORM - [CRON] Finished sendCalendarReminder
Thu Jan 14 09:50:09 2021,169 [1036] INFO PLATFORM - [CRON] Started sendReminderMsg
Thu Jan 14 09:50:09 2021,175 [1036] INFO PLATFORM - [CRON] Finished sendReminderMsg
Thu Jan 14 09:50:09 2021,191 [1036] INFO PLATFORM - [CRON] Started processEmailQueue
Thu Jan 14 09:50:09 2021,200 [1036] INFO PLATFORM - [CRON] Finished processEmailQueue
Thu Jan 14 09:50:09 2021,792 [1036] INFO PLATFORM - [CRON] Started sendInvitation
Thu Jan 14 09:50:09 2021,795 [1036] INFO PLATFORM - [CRON] Finished sendInvitation
Thu Jan 14 09:50:09 2021,814 [1036] INFO PLATFORM - [CRON] Started sendCalendarReminder
Thu Jan 14 09:50:09 2021,830 [1036] INFO PLATFORM - [CRON] Finished sendCalendarReminder
Thu Jan 14 09:50:09 2021,847 [1036] INFO PLATFORM - [CRON] Started sendReminderMsg
Thu Jan 14 09:50:09 2021,850 [1036] INFO PLATFORM - [CRON] Finished sendReminderMsg
Thu Jan 14 09:50:09 2021,879 [1036] INFO PLATFORM - [CRON] Started processEmailQueue
Thu Jan 14 09:50:09 2021,888 [1036] INFO PLATFORM - [CRON] Finished processEmailQueue
Thu Jan 14 09:50:11 2021,598 [1036] INFO PLATFORM - [CRON] Started sendInvitation
Thu Jan 14 09:50:11 2021,601 [1036] INFO PLATFORM - [CRON] Finished sendInvitation
Thu Jan 14 09:50:11 2021,616 [1036] INFO PLATFORM - [CRON] Started sendCalendarReminder
Thu Jan 14 09:50:11 2021,633 [1036] INFO PLATFORM - [CRON] Finished sendCalendarReminder
Thu Jan 14 09:50:11 2021,648 [1036] INFO PLATFORM - [CRON] Started sendReminderMsg
Thu Jan 14 09:50:11 2021,653 [1036] INFO PLATFORM - [CRON] Finished sendReminderMsg
Thu Jan 14 09:50:11 2021,673 [1036] INFO PLATFORM - [CRON] Started processEmailQueue
Thu Jan 14 09:50:11 2021,682 [1036] INFO PLATFORM - [CRON] Finished processEmailQueue
Thu Jan 14 09:50:12 2021,430 [1036] INFO PLATFORM - [CRON] Started sendInvitation
Thu Jan 14 09:50:12 2021,433 [1036] INFO PLATFORM - [CRON] Finished sendInvitation
Thu Jan 14 09:50:12 2021,451 [1036] INFO PLATFORM - [CRON] Started sendCalendarReminder
Thu Jan 14 09:50:12 2021,472 [1036] INFO PLATFORM - [CRON] Finished sendCalendarReminder
Thu Jan 14 09:50:12 2021,488 [1036] INFO PLATFORM - [CRON] Started sendReminderMsg
Thu Jan 14 09:50:12 2021,491 [1036] INFO PLATFORM - [CRON] Finished sendReminderMsg
Thu Jan 14 09:50:12 2021,506 [1036] INFO PLATFORM - [CRON] Started processEmailQueue
Thu Jan 14 09:50:12 2021,515 [1036] INFO PLATFORM - [CRON] Finished processEmailQueue
Thu Jan 14 09:50:13 2021,163 [1036] INFO PLATFORM - [CRON] Started sendInvitation
Thu Jan 14 09:50:13 2021,165 [1036] INFO PLATFORM - [CRON] Finished sendInvitation
Thu Jan 14 09:50:13 2021,198 [1036] INFO PLATFORM - [CRON] Started sendCalendarReminder
Thu Jan 14 09:50:13 2021,218 [1036] INFO PLATFORM - [CRON] Finished sendCalendarReminder
Thu Jan 14 09:50:13 2021,235 [1036] INFO PLATFORM - [CRON] Started sendReminderMsg
Thu Jan 14 09:50:13 2021,242 [1036] INFO PLATFORM - [CRON] Finished sendReminderMsg
Thu Jan 14 09:50:13 2021,256 [1036] INFO PLATFORM - [CRON] Started processEmailQueue
Thu Jan 14 09:50:13 2021,267 [1036] INFO PLATFORM - [CRON] Finished processEmailQueue
Thu Jan 14 09:50:13 2021,824 [1036] INFO PLATFORM - [CRON] Started sendInvitation
Thu Jan 14 09:50:13 2021,829 [1036] INFO PLATFORM - [CRON] Finished sendInvitation
Thu Jan 14 09:50:13 2021,845 [1036] INFO PLATFORM - [CRON] Started sendCalendarReminder
Thu Jan 14 09:50:13 2021,867 [1036] INFO PLATFORM - [CRON] Finished sendCalendarReminder
Thu Jan 14 09:50:13 2021,891 [1036] INFO PLATFORM - [CRON] Started sendReminderMsg
Thu Jan 14 09:50:13 2021,895 [1036] INFO PLATFORM - [CRON] Finished sendReminderMsg
Thu Jan 14 09:50:13 2021,912 [1036] INFO PLATFORM - [CRON] Started processEmailQueue
Thu Jan 14 09:50:13 2021,925 [1036] INFO PLATFORM - [CRON] Finished processEmailQueue
Thu Jan 14 09:50:14 2021,489 [1036] INFO PLATFORM - [CRON] Started sendInvitation
Thu Jan 14 09:50:14 2021,491 [1036] INFO PLATFORM - [CRON] Finished sendInvitation
Thu Jan 14 09:50:14 2021,506 [1036] INFO PLATFORM - [CRON] Started sendCalendarReminder
Thu Jan 14 09:50:14 2021,528 [1036] INFO PLATFORM - [CRON] Finished sendCalendarReminder
Thu Jan 14 09:50:14 2021,543 [1036] INFO PLATFORM - [CRON] Started sendReminderMsg
Thu Jan 14 09:50:14 2021,548 [1036] INFO PLATFORM - [CRON] Finished sendReminderMsg
Thu Jan 14 09:50:14 2021,565 [1036] INFO PLATFORM - [CRON] Started processEmailQueue
Thu Jan 14 09:50:14 2021,575 [1036] INFO PLATFORM - [CRON] Finished processEmailQueue
Thu Jan 14 09:50:15 2021,108 [1036] INFO PLATFORM - [CRON] Started sendInvitation
Thu Jan 14 09:50:15 2021,111 [1036] INFO PLATFORM - [CRON] Finished sendInvitation
Thu Jan 14 09:50:15 2021,137 [1036] INFO PLATFORM - [CRON] Started sendCalendarReminder
Thu Jan 14 09:50:15 2021,155 [1036] INFO PLATFORM - [CRON] Finished sendCalendarReminder
Thu Jan 14 09:50:15 2021,169 [1036] INFO PLATFORM - [CRON] Started sendReminderMsg
Thu Jan 14 09:50:15 2021,173 [1036] INFO PLATFORM - [CRON] Finished sendReminderMsg
Thu Jan 14 09:50:15 2021,188 [1036] INFO PLATFORM - [CRON] Started processEmailQueue
Thu Jan 14 09:50:15 2021,199 [1036] INFO PLATFORM - [CRON] Finished processEmailQueue
Thu Jan 14 09:50:15 2021,675 [1036] INFO PLATFORM - [CRON] Started sendInvitation
Thu Jan 14 09:50:15 2021,678 [1036] INFO PLATFORM - [CRON] Finished sendInvitation
Thu Jan 14 09:50:15 2021,692 [1036] INFO PLATFORM - [CRON] Started sendCalendarReminder
Thu Jan 14 09:50:15 2021,710 [1036] INFO PLATFORM - [CRON] Finished sendCalendarReminder
Thu Jan 14 09:50:15 2021,735 [1036] INFO PLATFORM - [CRON] Started sendReminderMsg
Thu Jan 14 09:50:15 2021,738 [1036] INFO PLATFORM - [CRON] Finished sendReminderMsg
Thu Jan 14 09:50:15 2021,752 [1036] INFO PLATFORM - [CRON] Started processEmailQueue
Thu Jan 14 09:50:15 2021,763 [1036] INFO PLATFORM - [CRON] Finished processEmailQueue
Thu Jan 14 09:50:16 2021,184 [1036] INFO PLATFORM - [CRON] Started sendInvitation
Thu Jan 14 09:50:16 2021,188 [1036] INFO PLATFORM - [CRON] Finished sendInvitation
Thu Jan 14 09:50:16 2021,206 [1036] INFO PLATFORM - [CRON] Started sendCalendarReminder
Thu Jan 14 09:50:16 2021,221 [1036] INFO PLATFORM - [CRON] Finished sendCalendarReminder
Thu Jan 14 09:50:16 2021,248 [1036] INFO PLATFORM - [CRON] Started sendReminderMsg
Thu Jan 14 09:50:16 2021,251 [1036] INFO PLATFORM - [CRON] Finished sendReminderMsg
Thu Jan 14 09:50:16 2021,266 [1036] INFO PLATFORM - [CRON] Started processEmailQueue
Thu Jan 14 09:50:16 2021,278 [1036] INFO PLATFORM - [CRON] Finished processEmailQueue
Thu Jan 14 09:50:16 2021,764 [1036] INFO PLATFORM - [CRON] Started sendInvitation
Thu Jan 14 09:50:16 2021,767 [1036] INFO PLATFORM - [CRON] Finished sendInvitation
Thu Jan 14 09:50:16 2021,782 [1036] INFO PLATFORM - [CRON] Started sendCalendarReminder
Thu Jan 14 09:50:16 2021,803 [1036] INFO PLATFORM - [CRON] Finished sendCalendarReminder
Thu Jan 14 09:50:16 2021,818 [1036] INFO PLATFORM - [CRON] Started sendReminderMsg
Thu Jan 14 09:50:16 2021,821 [1036] INFO PLATFORM - [CRON] Finished sendReminderMsg
Thu Jan 14 09:50:16 2021,837 [1036] INFO PLATFORM - [CRON] Started processEmailQueue
Thu Jan 14 09:50:16 2021,848 [1036] INFO PLATFORM - [CRON] Finished processEmailQueue
Thu Jan 14 09:50:17 2021,335 [1036] INFO PLATFORM - [CRON] Started sendInvitation
Thu Jan 14 09:50:17 2021,341 [1036] INFO PLATFORM - [CRON] Finished sendInvitation
Thu Jan 14 09:50:17 2021,355 [1036] INFO PLATFORM - [CRON] Started sendCalendarReminder
Thu Jan 14 09:50:17 2021,380 [1036] INFO PLATFORM - [CRON] Finished sendCalendarReminder
Thu Jan 14 09:50:17 2021,396 [1036] INFO PLATFORM - [CRON] Started sendReminderMsg
Thu Jan 14 09:50:17 2021,401 [1036] INFO PLATFORM - [CRON] Finished sendReminderMsg
Thu Jan 14 09:50:17 2021,415 [1036] INFO PLATFORM - [CRON] Started processEmailQueue
Thu Jan 14 09:50:17 2021,424 [1036] INFO PLATFORM - [CRON] Finished processEmailQueue
Thu Jan 14 09:50:17 2021,911 [1035] INFO PLATFORM - [CRON] Started sendInvitation
Thu Jan 14 09:50:17 2021,914 [1035] INFO PLATFORM - [CRON] Finished sendInvitation
Thu Jan 14 09:50:17 2021,931 [1035] INFO PLATFORM - [CRON] Started sendCalendarReminder
Thu Jan 14 09:50:17 2021,964 [1035] INFO PLATFORM - [CRON] Finished sendCalendarReminder
Thu Jan 14 09:50:17 2021,990 [1035] INFO PLATFORM - [CRON] Started sendReminderMsg
Thu Jan 14 09:50:17 2021,996 [1035] INFO PLATFORM - [CRON] Finished sendReminderMsg
Thu Jan 14 09:50:18 2021,015 [1035] INFO PLATFORM - [CRON] Started processEmailQueue
Thu Jan 14 09:50:18 2021,029 [1035] INFO PLATFORM - [CRON] Finished processEmailQueue
Thu Jan 14 09:50:18 2021,816 [5084] INFO PLATFORM - [CRON] Started sendInvitation
Thu Jan 14 09:50:18 2021,821 [5084] INFO PLATFORM - [CRON] Finished sendInvitation
Thu Jan 14 09:50:18 2021,839 [5084] INFO PLATFORM - [CRON] Started sendCalendarReminder
Thu Jan 14 09:50:18 2021,879 [5084] INFO PLATFORM - [CRON] Finished sendCalendarReminder
Thu Jan 14 09:50:18 2021,895 [5084] INFO PLATFORM - [CRON] Started sendReminderMsg
Thu Jan 14 09:50:18 2021,902 [5084] INFO PLATFORM - [CRON] Finished sendReminderMsg
Thu Jan 14 09:50:18 2021,924 [5084] INFO PLATFORM - [CRON] Started processEmailQueue
Thu Jan 14 09:50:19 2021,001 [5084] INFO PLATFORM - [CRON] Finished processEmailQueue
Thu Jan 14 09:50:19 2021,077 [5110] INFO PLATFORM - [CRON] Started sendInvitation
Thu Jan 14 09:50:19 2021,081 [5110] INFO PLATFORM - [CRON] Finished sendInvitation
Thu Jan 14 09:50:19 2021,107 [5110] INFO PLATFORM - [CRON] Started sendCalendarReminder
Thu Jan 14 09:50:19 2021,158 [5110] INFO PLATFORM - [CRON] Finished sendCalendarReminder
Thu Jan 14 09:50:19 2021,180 [5110] INFO PLATFORM - [CRON] Started sendReminderMsg
Thu Jan 14 09:50:19 2021,187 [5110] INFO PLATFORM - [CRON] Finished sendReminderMsg
Thu Jan 14 09:50:19 2021,188 [1034] INFO PLATFORM - [CRON] Started sendInvitation
Thu Jan 14 09:50:19 2021,190 [1034] INFO PLATFORM - [CRON] Finished sendInvitation
Thu Jan 14 09:50:19 2021,219 [1034] INFO PLATFORM - [CRON] Started sendReminderMsg
Thu Jan 14 09:50:19 2021,227 [1034] INFO PLATFORM - [CRON] Finished sendReminderMsg
Thu Jan 14 09:50:19 2021,249 [1034] INFO PLATFORM - [CRON] Started processEmailQueue
Thu Jan 14 09:50:19 2021,269 [1034] INFO PLATFORM - [CRON] Finished processEmailQueue
Thu Jan 14 09:50:19 2021,804 [5060] INFO PLATFORM - [CRON] Started sendInvitation
Thu Jan 14 09:50:19 2021,804 [5114] INFO PLATFORM - [CRON] Started sendInvitation
Thu Jan 14 09:50:19 2021,808 [5060] INFO PLATFORM - [CRON] Finished sendInvitation
Thu Jan 14 09:50:19 2021,811 [5114] INFO PLATFORM - [CRON] Finished sendInvitation
Thu Jan 14 09:50:19 2021,825 [5114] INFO PLATFORM - [CRON] Started sendCalendarReminder
Thu Jan 14 09:50:19 2021,825 [5060] INFO PLATFORM - [CRON] Started sendCalendarReminder
Thu Jan 14 09:50:19 2021,865 [5060] INFO PLATFORM - [CRON] Finished sendCalendarReminder
Thu Jan 14 09:50:19 2021,875 [5114] INFO PLATFORM - [CRON] Finished sendCalendarReminder
Thu Jan 14 09:50:19 2021,885 [5114] INFO PLATFORM - [CRON] Started sendReminderMsg
Thu Jan 14 09:50:19 2021,885 [5060] INFO PLATFORM - [CRON] Started sendReminderMsg
Thu Jan 14 09:50:19 2021,891 [5060] INFO PLATFORM - [CRON] Finished sendReminderMsg
Thu Jan 14 09:50:19 2021,925 [5114] INFO PLATFORM - [CRON] Finished sendReminderMsg
Thu Jan 14 09:50:19 2021,927 [5060] INFO PLATFORM - [CRON] Started processEmailQueue
Thu Jan 14 09:50:19 2021,930 [5114] INFO PLATFORM - [CRON] Started processEmailQueue
Thu Jan 14 09:50:19 2021,944 [5060] INFO PLATFORM - [CRON] Finished processEmailQueue
Thu Jan 14 09:50:19 2021,952 [5115] INFO PLATFORM - [CRON] Started sendInvitation
Thu Jan 14 09:50:19 2021,958 [5115] INFO PLATFORM - [CRON] Finished sendInvitation
Thu Jan 14 09:50:19 2021,979 [5115] INFO PLATFORM - [CRON] Started sendCalendarReminder
Thu Jan 14 09:50:19 2021,997 [5114] INFO PLATFORM - [CRON] Finished processEmailQueue
Thu Jan 14 09:50:20 2021,029 [5115] INFO PLATFORM - [CRON] Finished sendCalendarReminder
Thu Jan 14 09:50:20 2021,055 [5115] INFO PLATFORM - [CRON] Started sendReminderMsg
Thu Jan 14 09:50:20 2021,062 [5115] INFO PLATFORM - [CRON] Finished sendReminderMsg
Thu Jan 14 09:50:20 2021,086 [5115] INFO PLATFORM - [CRON] Started processEmailQueue
Thu Jan 14 09:50:20 2021,106 [5115] INFO PLATFORM - [CRON] Finished processEmailQueue
Thu Jan 14 09:50:20 2021,427 [1036] INFO PLATFORM - [CRON] Started sendInvitation
Thu Jan 14 09:50:20 2021,430 [1036] INFO PLATFORM - [CRON] Finished sendInvitation
Thu Jan 14 09:50:20 2021,448 [1036] INFO PLATFORM - [CRON] Started sendCalendarReminder
Thu Jan 14 09:50:20 2021,477 [1036] INFO PLATFORM - [CRON] Finished sendCalendarReminder
Thu Jan 14 09:50:20 2021,495 [1036] INFO PLATFORM - [CRON] Started sendReminderMsg
Thu Jan 14 09:50:20 2021,501 [1036] INFO PLATFORM - [CRON] Finished sendReminderMsg
Thu Jan 14 09:50:20 2021,531 [1036] INFO PLATFORM - [CRON] Started processEmailQueue
Thu Jan 14 09:50:20 2021,558 [1036] INFO PLATFORM - [CRON] Finished processEmailQueue
Thu Jan 14 09:50:20 2021,602 [1035] INFO PLATFORM - [CRON] Started sendInvitation
Thu Jan 14 09:50:20 2021,604 [1035] INFO PLATFORM - [CRON] Finished sendInvitation
Thu Jan 14 09:50:20 2021,630 [1035] INFO PLATFORM - [CRON] Started sendCalendarReminder
Thu Jan 14 09:50:20 2021,661 [1042] INFO PLATFORM - [CRON] Started sendInvitation
Thu Jan 14 09:50:20 2021,665 [1042] INFO PLATFORM - [CRON] Finished sendInvitation
Thu Jan 14 09:50:20 2021,689 [1042] INFO PLATFORM - [CRON] Started sendCalendarReminder
Thu Jan 14 09:50:20 2021,691 [1035] INFO PLATFORM - [CRON] Finished sendCalendarReminder
Thu Jan 14 09:50:20 2021,709 [1035] INFO PLATFORM - [CRON] Started sendReminderMsg
Thu Jan 14 09:50:20 2021,715 [1035] INFO PLATFORM - [CRON] Finished sendReminderMsg
Thu Jan 14 09:50:20 2021,736 [1035] INFO PLATFORM - [CRON] Started processEmailQueue
Thu Jan 14 09:50:20 2021,751 [1035] INFO PLATFORM - [CRON] Finished processEmailQueue
Thu Jan 14 09:50:20 2021,770 [1042] INFO PLATFORM - [CRON] Finished sendCalendarReminder
Thu Jan 14 09:50:20 2021,788 [1042] INFO PLATFORM - [CRON] Started sendReminderMsg
Thu Jan 14 09:50:20 2021,794 [1042] INFO PLATFORM - [CRON] Finished sendReminderMsg
Thu Jan 14 09:50:20 2021,957 [5084] INFO PLATFORM - [CRON] Started sendInvitation
Thu Jan 14 09:50:20 2021,963 [5084] INFO PLATFORM - [CRON] Finished sendInvitation
Thu Jan 14 09:50:20 2021,982 [5084] INFO PLATFORM - [CRON] Started sendCalendarReminder
Thu Jan 14 09:50:21 2021,020 [5084] INFO PLATFORM - [CRON] Finished sendCalendarReminder
Thu Jan 14 09:50:21 2021,036 [5084] INFO PLATFORM - [CRON] Started sendReminderMsg
Thu Jan 14 09:50:21 2021,040 [5084] INFO PLATFORM - [CRON] Finished sendReminderMsg
Thu Jan 14 09:50:21 2021,080 [5110] INFO PLATFORM - [CRON] Started sendInvitation
Thu Jan 14 09:50:21 2021,085 [5110] INFO PLATFORM - [CRON] Finished sendInvitation
Thu Jan 14 09:50:21 2021,099 [5110] INFO PLATFORM - [CRON] Started sendCalendarReminder
Thu Jan 14 09:50:21 2021,126 [5110] INFO PLATFORM - [CRON] Finished sendCalendarReminder
Thu Jan 14 09:50:21 2021,141 [5110] INFO PLATFORM - [CRON] Started sendReminderMsg
Thu Jan 14 09:50:21 2021,150 [5110] INFO PLATFORM - [CRON] Finished sendReminderMsg
Thu Jan 14 09:50:21 2021,179 [5110] INFO PLATFORM - [CRON] Started processEmailQueue
Thu Jan 14 09:50:21 2021,192 [5110] INFO PLATFORM - [CRON] Finished processEmailQueue
Thu Jan 14 09:50:21 2021,367 [1034] INFO PLATFORM - [CRON] Started sendInvitation
Thu Jan 14 09:50:21 2021,370 [1034] INFO PLATFORM - [CRON] Finished sendInvitation
Thu Jan 14 09:50:21 2021,389 [1034] INFO PLATFORM - [CRON] Started sendCalendarReminder
Thu Jan 14 09:50:21 2021,413 [1034] INFO PLATFORM - [CRON] Finished sendCalendarReminder
Thu Jan 14 09:50:21 2021,430 [1034] INFO PLATFORM - [CRON] Started sendReminderMsg
Thu Jan 14 09:50:21 2021,434 [1034] INFO PLATFORM - [CRON] Finished sendReminderMsg
Thu Jan 14 09:50:21 2021,450 [1034] INFO PLATFORM - [CRON] Started processEmailQueue
Thu Jan 14 09:50:21 2021,469 [1034] INFO PLATFORM - [CRON] Finished processEmailQueue
Thu Jan 14 09:50:21 2021,547 [5060] INFO PLATFORM - [CRON] Started sendInvitation
Thu Jan 14 09:50:21 2021,549 [5060] INFO PLATFORM - [CRON] Finished sendInvitation
Thu Jan 14 09:50:21 2021,563 [5060] INFO PLATFORM - [CRON] Started sendCalendarReminder
Thu Jan 14 09:50:21 2021,584 [5060] INFO PLATFORM - [CRON] Finished sendCalendarReminder
Thu Jan 14 09:50:21 2021,598 [5060] INFO PLATFORM - [CRON] Started sendReminderMsg
Thu Jan 14 09:50:21 2021,603 [5060] INFO PLATFORM - [CRON] Finished sendReminderMsg
Thu Jan 14 09:50:21 2021,691 [5114] INFO PLATFORM - [CRON] Started sendInvitation
Thu Jan 14 09:50:21 2021,693 [5114] INFO PLATFORM - [CRON] Finished sendInvitation
Thu Jan 14 09:50:21 2021,708 [5114] INFO PLATFORM - [CRON] Started sendCalendarReminder
Thu Jan 14 09:50:21 2021,733 [5114] INFO PLATFORM - [CRON] Finished sendCalendarReminder
Thu Jan 14 09:50:21 2021,748 [5114] INFO PLATFORM - [CRON] Started sendReminderMsg
Thu Jan 14 09:50:21 2021,757 [5114] INFO PLATFORM - [CRON] Finished sendReminderMsg
Thu Jan 14 09:50:21 2021,773 [5114] INFO PLATFORM - [CRON] Started processEmailQueue
Thu Jan 14 09:50:21 2021,786 [5114] INFO PLATFORM - [CRON] Finished processEmailQueue
Thu Jan 14 09:50:45 2021,156 [5115] INFO PLATFORM - [CRON] Started sendInvitation
Thu Jan 14 09:50:45 2021,163 [5115] INFO PLATFORM - [CRON] Finished sendInvitation
Thu Jan 14 09:50:45 2021,183 [5115] INFO PLATFORM - [CRON] Started sendCalendarReminder
Thu Jan 14 09:50:45 2021,236 [5115] INFO PLATFORM - [CRON] Finished sendCalendarReminder
Thu Jan 14 09:50:45 2021,251 [5115] INFO PLATFORM - [CRON] Started sendReminderMsg
Thu Jan 14 09:50:45 2021,257 [5115] INFO PLATFORM - [CRON] Finished sendReminderMsg
Thu Jan 14 09:50:45 2021,279 [5115] INFO PLATFORM - [CRON] Started processEmailQueue
Thu Jan 14 09:50:45 2021,298 [5115] INFO PLATFORM - [CRON] Finished processEmailQueue
Thu Jan 14 09:51:29 2021,332 [1037] INFO SETUP_NEW_INSTANCE - [CRON] SETUP INSTANCE - callDeploymentApi - End
Thu Jan 14 09:51:29 2021,334 [1037] INFO SETUP_NEW_INSTANCE - [CRON] SETUP INSTANCE - callDeploymentApi - Start
Thu Jan 14 09:51:59 2021,561 [5115] INFO PLATFORM - [CRON] Started sendInvitation
Thu Jan 14 09:51:59 2021,564 [5115] INFO PLATFORM - [CRON] Finished sendInvitation
Thu Jan 14 09:51:59 2021,578 [5115] INFO PLATFORM - [CRON] Started sendCalendarReminder
Thu Jan 14 09:51:59 2021,596 [5115] INFO PLATFORM - [CRON] Finished sendCalendarReminder
Thu Jan 14 09:51:59 2021,619 [5115] INFO PLATFORM - [CRON] Started sendReminderMsg
Thu Jan 14 09:51:59 2021,622 [5115] INFO PLATFORM - [CRON] Finished sendReminderMsg
Thu Jan 14 09:51:59 2021,640 [5115] INFO PLATFORM - [CRON] Started processEmailQueue
Thu Jan 14 09:51:59 2021,652 [5115] INFO PLATFORM - [CRON] Finished processEmailQueue
Thu Jan 14 09:52:00 2021,926 [5115] INFO PLATFORM - [CRON] Started sendInvitation
Thu Jan 14 09:52:00 2021,929 [5115] INFO PLATFORM - [CRON] Finished sendInvitation
Thu Jan 14 09:52:00 2021,945 [5115] INFO PLATFORM - [CRON] Started sendCalendarReminder
Thu Jan 14 09:52:00 2021,963 [5115] INFO PLATFORM - [CRON] Finished sendCalendarReminder
Thu Jan 14 09:52:00 2021,980 [5115] INFO PLATFORM - [CRON] Started sendReminderMsg
Thu Jan 14 09:52:00 2021,985 [5115] INFO PLATFORM - [CRON] Finished sendReminderMsg
Thu Jan 14 09:52:01 2021,002 [5115] INFO PLATFORM - [CRON] Started processEmailQueue
Thu Jan 14 09:52:01 2021,011 [5115] INFO PLATFORM - [CRON] Finished processEmailQueue
Thu Jan 14 09:52:01 2021,836 [5115] INFO PLATFORM - [CRON] Started sendInvitation
Thu Jan 14 09:52:01 2021,844 [5115] INFO PLATFORM - [CRON] Finished sendInvitation
Thu Jan 14 09:52:01 2021,858 [5115] INFO PLATFORM - [CRON] Started sendCalendarReminder
Thu Jan 14 09:52:01 2021,876 [5115] INFO PLATFORM - [CRON] Finished sendCalendarReminder
Thu Jan 14 09:52:01 2021,889 [5115] INFO PLATFORM - [CRON] Started sendReminderMsg
Thu Jan 14 09:52:01 2021,894 [5115] INFO PLATFORM - [CRON] Finished sendReminderMsg
Thu Jan 14 09:52:01 2021,910 [5115] INFO PLATFORM - [CRON] Started processEmailQueue
Thu Jan 14 09:52:01 2021,919 [5115] INFO PLATFORM - [CRON] Finished processEmailQueue
Thu Jan 14 09:52:49 2021,810 [1035] INFO PLATFORM - [CRON] Started sendInvitation
Thu Jan 14 09:52:49 2021,813 [1035] INFO PLATFORM - [CRON] Finished sendInvitation
Thu Jan 14 09:52:49 2021,837 [1035] INFO PLATFORM - [CRON] Started sendCalendarReminder
Thu Jan 14 09:52:49 2021,873 [1035] INFO PLATFORM - [CRON] Finished sendCalendarReminder
Thu Jan 14 09:52:49 2021,888 [1035] INFO PLATFORM - [CRON] Started sendReminderMsg
Thu Jan 14 09:52:49 2021,893 [1035] INFO PLATFORM - [CRON] Finished sendReminderMsg
Thu Jan 14 09:52:49 2021,911 [1035] INFO PLATFORM - [CRON] Started processEmailQueue
Thu Jan 14 09:52:49 2021,946 [1035] INFO PLATFORM - [CRON] Finished processEmailQueue
Thu Jan 14 09:52:51 2021,186 [1035] INFO PLATFORM - [CRON] Started sendInvitation
Thu Jan 14 09:52:51 2021,192 [1035] INFO PLATFORM - [CRON] Finished sendInvitation
Thu Jan 14 09:52:51 2021,207 [1035] INFO PLATFORM - [CRON] Started sendCalendarReminder
Thu Jan 14 09:52:51 2021,234 [1035] INFO PLATFORM - [CRON] Finished sendCalendarReminder
Thu Jan 14 09:52:51 2021,247 [1035] INFO PLATFORM - [CRON] Started sendReminderMsg
Thu Jan 14 09:52:51 2021,251 [1035] INFO PLATFORM - [CRON] Finished sendReminderMsg
Thu Jan 14 09:52:51 2021,276 [1035] INFO PLATFORM - [CRON] Started processEmailQueue
Thu Jan 14 09:52:51 2021,285 [1035] INFO PLATFORM - [CRON] Finished processEmailQueue
Thu Jan 14 09:52:51 2021,815 [1035] INFO PLATFORM - [CRON] Started sendInvitation
Thu Jan 14 09:52:51 2021,818 [1035] INFO PLATFORM - [CRON] Finished sendInvitation
Thu Jan 14 09:52:51 2021,838 [1035] INFO PLATFORM - [CRON] Started sendCalendarReminder
Thu Jan 14 09:52:51 2021,859 [1035] INFO PLATFORM - [CRON] Finished sendCalendarReminder
Thu Jan 14 09:52:51 2021,875 [1035] INFO PLATFORM - [CRON] Started sendReminderMsg
Thu Jan 14 09:52:51 2021,881 [1035] INFO PLATFORM - [CRON] Finished sendReminderMsg
Thu Jan 14 09:52:51 2021,899 [1035] INFO PLATFORM - [CRON] Started processEmailQueue
Thu Jan 14 09:52:51 2021,907 [1035] INFO PLATFORM - [CRON] Finished processEmailQueue
Thu Jan 14 09:52:52 2021,362 [1035] INFO PLATFORM - [CRON] Started sendInvitation
Thu Jan 14 09:52:52 2021,366 [1035] INFO PLATFORM - [CRON] Finished sendInvitation
Thu Jan 14 09:52:52 2021,380 [1035] INFO PLATFORM - [CRON] Started sendCalendarReminder
Thu Jan 14 09:52:52 2021,398 [1035] INFO PLATFORM - [CRON] Finished sendCalendarReminder
Thu Jan 14 09:52:52 2021,423 [1035] INFO PLATFORM - [CRON] Started sendReminderMsg
Thu Jan 14 09:52:52 2021,427 [1035] INFO PLATFORM - [CRON] Finished sendReminderMsg
Thu Jan 14 09:52:52 2021,441 [1035] INFO PLATFORM - [CRON] Started processEmailQueue
Thu Jan 14 09:52:52 2021,451 [1035] INFO PLATFORM - [CRON] Finished processEmailQueue
Thu Jan 14 09:52:52 2021,701 [1042] INFO PLATFORM - [CRON] Started sendInvitation
Thu Jan 14 09:52:52 2021,704 [1042] INFO PLATFORM - [CRON] Finished sendInvitation
Thu Jan 14 09:52:52 2021,720 [1042] INFO PLATFORM - [CRON] Started sendCalendarReminder
Thu Jan 14 09:52:52 2021,747 [1042] INFO PLATFORM - [CRON] Finished sendCalendarReminder
Thu Jan 14 09:52:52 2021,760 [1042] INFO PLATFORM - [CRON] Started sendReminderMsg
Thu Jan 14 09:52:52 2021,764 [1042] INFO PLATFORM - [CRON] Finished sendReminderMsg
Thu Jan 14 09:52:52 2021,790 [1042] INFO PLATFORM - [CRON] Started processEmailQueue
Thu Jan 14 09:52:52 2021,810 [1042] INFO PLATFORM - [CRON] Finished processEmailQueue
Thu Jan 14 09:53:40 2021,402 [1037] INFO SETUP_NEW_INSTANCE - [CRON] SETUP INSTANCE - callDeploymentApi - End
Thu Jan 14 09:53:40 2021,412 [1037] ERROR SETUP_NEW_INSTANCE - [CRON] SETUP INSTANCE - check InstanceInfo: Not Existed Instance
Thu Jan 14 09:54:23 2021,656 [5110] INFO PLATFORM - [CRON] Started sendInvitation
Thu Jan 14 09:54:23 2021,660 [5110] INFO PLATFORM - [CRON] Finished sendInvitation
Thu Jan 14 09:54:23 2021,700 [5110] INFO PLATFORM - [CRON] Started sendCalendarReminder
Thu Jan 14 09:54:23 2021,724 [5110] INFO PLATFORM - [CRON] Finished sendCalendarReminder
Thu Jan 14 09:54:23 2021,743 [5110] INFO PLATFORM - [CRON] Started sendReminderMsg
Thu Jan 14 09:54:23 2021,748 [5110] INFO PLATFORM - [CRON] Finished sendReminderMsg
Thu Jan 14 09:54:23 2021,768 [5110] INFO PLATFORM - [CRON] Started processEmailQueue
Thu Jan 14 09:54:23 2021,786 [5110] INFO PLATFORM - [CRON] Finished processEmailQueue
Thu Jan 14 09:54:23 2021,862 [5110] INFO PLATFORM - [CRON] Started sendHappyBirthdayMsg
Thu Jan 14 09:54:23 2021,887 [5110] INFO SETUP_NEW_INSTANCE - [CRON] SETUP INSTANCE - Start Setup
Thu Jan 14 09:54:23 2021,898 [5110] INFO SETUP_NEW_INSTANCE - [CRON] SETUP INSTANCE - callDeploymentApi - Start
Thu Jan 14 09:56:34 2021,476 [5110] INFO SETUP_NEW_INSTANCE - [CRON] SETUP INSTANCE - callDeploymentApi - End
Thu Jan 14 09:56:34 2021,477 [5110] INFO SETUP_NEW_INSTANCE - [CRON] SETUP INSTANCE - callDeploymentApi - Start
Thu Jan 14 09:58:45 2021,550 [5110] INFO SETUP_NEW_INSTANCE - [CRON] SETUP INSTANCE - callDeploymentApi - End
Thu Jan 14 09:58:45 2021,551 [5110] ERROR SETUP_NEW_INSTANCE - [CRON] SETUP INSTANCE - check InstanceInfo: Not Existed Instance
Thu Jan 14 09:59:05 2021,316 [5060] INFO PLATFORM - [CRON] Started sendInvitation
Thu Jan 14 09:59:05 2021,326 [5060] INFO PLATFORM - [CRON] Finished sendInvitation
Thu Jan 14 09:59:05 2021,341 [5060] INFO PLATFORM - [CRON] Started sendCalendarReminder
Thu Jan 14 09:59:05 2021,371 [5060] INFO PLATFORM - [CRON] Finished sendCalendarReminder
Thu Jan 14 09:59:05 2021,397 [5060] INFO PLATFORM - [CRON] Started sendReminderMsg
Thu Jan 14 09:59:05 2021,404 [5060] INFO PLATFORM - [CRON] Finished sendReminderMsg
Thu Jan 14 09:59:05 2021,421 [5060] INFO PLATFORM - [CRON] Started processEmailQueue
Thu Jan 14 09:59:05 2021,442 [5060] INFO PLATFORM - [CRON] Finished processEmailQueue
Thu Jan 14 09:59:12 2021,861 [5060] INFO SETUP_NEW_INSTANCE - [CRON] SETUP INSTANCE - Start Setup
Thu Jan 14 09:59:12 2021,865 [5060] INFO SETUP_NEW_INSTANCE - [CRON] SETUP INSTANCE - callDeploymentApi - Start
Thu Jan 14 09:59:44 2021,853 [5114] INFO PLATFORM - [CRON] Started sendInvitation
Thu Jan 14 09:59:44 2021,858 [5114] INFO PLATFORM - [CRON] Finished sendInvitation
Thu Jan 14 09:59:44 2021,884 [5114] INFO PLATFORM - [CRON] Started sendCalendarReminder
Thu Jan 14 09:59:44 2021,922 [5114] INFO PLATFORM - [CRON] Finished sendCalendarReminder
Thu Jan 14 09:59:44 2021,940 [5114] INFO PLATFORM - [CRON] Started sendReminderMsg
Thu Jan 14 09:59:44 2021,959 [5114] INFO PLATFORM - [CRON] Finished sendReminderMsg
Thu Jan 14 09:59:44 2021,982 [5114] INFO PLATFORM - [CRON] Started processEmailQueue
Thu Jan 14 09:59:45 2021,002 [5114] INFO PLATFORM - [CRON] Finished processEmailQueue
Thu Jan 14 09:59:53 2021,958 [5114] INFO PLATFORM - [CRON] Started sendHappyBirthdayMsg
Thu Jan 14 10:01:15 2021,650 [5115] INFO PLATFORM - [CRON] Started sendInvitation
Thu Jan 14 10:01:15 2021,653 [5115] INFO PLATFORM - [CRON] Finished sendInvitation
Thu Jan 14 10:01:15 2021,669 [5115] INFO PLATFORM - [CRON] Started sendCalendarReminder
Thu Jan 14 10:01:15 2021,693 [5115] INFO PLATFORM - [CRON] Finished sendCalendarReminder
Thu Jan 14 10:01:15 2021,711 [5115] INFO PLATFORM - [CRON] Started sendReminderMsg
Thu Jan 14 10:01:15 2021,721 [5115] INFO PLATFORM - [CRON] Finished sendReminderMsg
Thu Jan 14 10:01:15 2021,758 [5115] INFO PLATFORM - [CRON] Started processEmailQueue
Thu Jan 14 10:01:15 2021,777 [5115] INFO PLATFORM - [CRON] Finished processEmailQueue
Thu Jan 14 10:01:23 2021,245 [5060] INFO SETUP_NEW_INSTANCE - [CRON] SETUP INSTANCE - callDeploymentApi - End
Thu Jan 14 10:01:23 2021,247 [5060] INFO SETUP_NEW_INSTANCE - [CRON] SETUP INSTANCE - callDeploymentApi - Start
Thu Jan 14 10:01:25 2021,557 [5115] INFO PLATFORM - [CRON] Started sendHappyBirthdayMsg
Thu Jan 14 10:01:43 2021,137 [5115] INFO PLATFORM - [CRON] Finished sendHappyBirthdayMsg
Thu Jan 14 10:01:57 2021,391 [1035] INFO PLATFORM - [CRON] Started sendInvitation
Thu Jan 14 10:01:57 2021,393 [1035] INFO PLATFORM - [CRON] Finished sendInvitation
Thu Jan 14 10:01:57 2021,408 [1035] INFO PLATFORM - [CRON] Started sendCalendarReminder
Thu Jan 14 10:01:57 2021,425 [1035] INFO PLATFORM - [CRON] Finished sendCalendarReminder
Thu Jan 14 10:01:57 2021,441 [1035] INFO PLATFORM - [CRON] Started sendReminderMsg
Thu Jan 14 10:01:57 2021,445 [1035] INFO PLATFORM - [CRON] Finished sendReminderMsg
Thu Jan 14 10:01:57 2021,460 [1035] INFO PLATFORM - [CRON] Started processEmailQueue
Thu Jan 14 10:01:57 2021,470 [1035] INFO PLATFORM - [CRON] Finished processEmailQueue
Thu Jan 14 10:01:58 2021,911 [1035] INFO PLATFORM - [CRON] Started sendInvitation
Thu Jan 14 10:01:58 2021,913 [1035] INFO PLATFORM - [CRON] Finished sendInvitation
Thu Jan 14 10:01:58 2021,937 [1035] INFO PLATFORM - [CRON] Started sendCalendarReminder
Thu Jan 14 10:01:58 2021,957 [1035] INFO PLATFORM - [CRON] Finished sendCalendarReminder
Thu Jan 14 10:01:58 2021,971 [1035] INFO PLATFORM - [CRON] Started sendReminderMsg
Thu Jan 14 10:01:58 2021,975 [1035] INFO PLATFORM - [CRON] Finished sendReminderMsg
Thu Jan 14 10:01:58 2021,990 [1035] INFO PLATFORM - [CRON] Started processEmailQueue
Thu Jan 14 10:01:59 2021,000 [1035] INFO PLATFORM - [CRON] Finished processEmailQueue
Thu Jan 14 10:01:59 2021,754 [1035] INFO PLATFORM - [CRON] Started sendInvitation
Thu Jan 14 10:01:59 2021,756 [1035] INFO PLATFORM - [CRON] Finished sendInvitation
Thu Jan 14 10:01:59 2021,771 [1035] INFO PLATFORM - [CRON] Started sendCalendarReminder
Thu Jan 14 10:01:59 2021,792 [1035] INFO PLATFORM - [CRON] Finished sendCalendarReminder
Thu Jan 14 10:01:59 2021,817 [1035] INFO PLATFORM - [CRON] Started sendReminderMsg
Thu Jan 14 10:01:59 2021,821 [1035] INFO PLATFORM - [CRON] Finished sendReminderMsg
Thu Jan 14 10:01:59 2021,837 [1035] INFO PLATFORM - [CRON] Started processEmailQueue
Thu Jan 14 10:01:59 2021,845 [1035] INFO PLATFORM - [CRON] Finished processEmailQueue
Thu Jan 14 10:02:58 2021,128 [1037] INFO PLATFORM - [CRON] Started sendInvitation
Thu Jan 14 10:02:58 2021,134 [1037] INFO PLATFORM - [CRON] Finished sendInvitation
Thu Jan 14 10:02:58 2021,148 [1037] INFO PLATFORM - [CRON] Started sendCalendarReminder
Thu Jan 14 10:02:58 2021,211 [1037] INFO PLATFORM - [CRON] Finished sendCalendarReminder
Thu Jan 14 10:02:58 2021,225 [1037] INFO PLATFORM - [CRON] Started sendReminderMsg
Thu Jan 14 10:02:58 2021,240 [1037] INFO PLATFORM - [CRON] Finished sendReminderMsg
Thu Jan 14 10:02:58 2021,256 [1037] INFO PLATFORM - [CRON] Started processEmailQueue
Thu Jan 14 10:02:58 2021,281 [1037] INFO PLATFORM - [CRON] Finished processEmailQueue
Thu Jan 14 10:03:03 2021,593 [1037] INFO PLATFORM - [CRON] Started sendHappyBirthdayMsg
Thu Jan 14 10:03:34 2021,318 [5060] INFO SETUP_NEW_INSTANCE - [CRON] SETUP INSTANCE - callDeploymentApi - End
Thu Jan 14 10:03:34 2021,319 [5060] ERROR SETUP_NEW_INSTANCE - [CRON] SETUP INSTANCE - check InstanceInfo: Not Existed Instance
Thu Jan 14 10:03:55 2021,116 [1034] INFO PLATFORM - [CRON] Started sendInvitation
Thu Jan 14 10:03:55 2021,123 [1034] INFO PLATFORM - [CRON] Finished sendInvitation
Thu Jan 14 10:03:55 2021,140 [1034] INFO PLATFORM - [CRON] Started sendCalendarReminder
Thu Jan 14 10:03:55 2021,194 [1034] INFO PLATFORM - [CRON] Finished sendCalendarReminder
Thu Jan 14 10:03:55 2021,216 [1034] INFO PLATFORM - [CRON] Started sendReminderMsg
Thu Jan 14 10:03:55 2021,225 [1034] INFO PLATFORM - [CRON] Finished sendReminderMsg
Thu Jan 14 10:03:55 2021,246 [1034] INFO PLATFORM - [CRON] Started processEmailQueue
Thu Jan 14 10:03:55 2021,279 [1034] INFO PLATFORM - [CRON] Finished processEmailQueue
Thu Jan 14 10:04:26 2021,708 [1034] INFO PLATFORM - [CRON] Started sendHappyBirthdayMsg
Thu Jan 14 10:04:37 2021,063 [1034] INFO PLATFORM - [CRON] Finished sendHappyBirthdayMsg
Thu Jan 14 10:05:43 2021,476 [5114] INFO PLATFORM - [CRON] Started sendInvitation
Thu Jan 14 10:05:43 2021,479 [5114] INFO PLATFORM - [CRON] Finished sendInvitation
Thu Jan 14 10:05:43 2021,495 [5114] INFO PLATFORM - [CRON] Started sendCalendarReminder
Thu Jan 14 10:05:43 2021,517 [5114] INFO PLATFORM - [CRON] Finished sendCalendarReminder
Thu Jan 14 10:05:43 2021,531 [5114] INFO PLATFORM - [CRON] Started sendReminderMsg
Thu Jan 14 10:05:43 2021,543 [5114] INFO PLATFORM - [CRON] Finished sendReminderMsg
Thu Jan 14 10:05:43 2021,562 [5114] INFO PLATFORM - [CRON] Started processEmailQueue
Thu Jan 14 10:05:43 2021,575 [5114] INFO PLATFORM - [CRON] Finished processEmailQueue
Thu Jan 14 10:05:49 2021,458 [5114] INFO PLATFORM - [CRON] Started sendHappyBirthdayMsg
Thu Jan 14 10:06:31 2021,953 [5114] INFO PLATFORM - [CRON] Finished sendHappyBirthdayMsg
Thu Jan 14 10:11:19 2021,183 [1034] INFO PLATFORM - [CRON] Started sendInvitation
Thu Jan 14 10:11:19 2021,192 [1034] INFO PLATFORM - [CRON] Finished sendInvitation
Thu Jan 14 10:11:19 2021,221 [1034] INFO PLATFORM - [CRON] Started sendCalendarReminder
Thu Jan 14 10:11:19 2021,272 [1034] INFO PLATFORM - [CRON] Finished sendCalendarReminder
Thu Jan 14 10:11:19 2021,302 [1034] INFO PLATFORM - [CRON] Started sendReminderMsg
Thu Jan 14 10:11:19 2021,314 [1034] INFO PLATFORM - [CRON] Finished sendReminderMsg
Thu Jan 14 10:11:19 2021,336 [1034] INFO PLATFORM - [CRON] Started processEmailQueue
Thu Jan 14 10:11:19 2021,358 [1034] INFO PLATFORM - [CRON] Finished processEmailQueue
Thu Jan 14 10:12:08 2021,340 [1034] INFO PLATFORM - [CRON] Started sendHappyBirthdayMsg
Thu Jan 14 10:12:36 2021,870 [1034] INFO PLATFORM - [CRON] Finished sendHappyBirthdayMsg
Thu Jan 14 10:12:47 2021,134 [1034] INFO SETUP_NEW_INSTANCE - [CRON] SETUP INSTANCE - Start Setup
Thu Jan 14 10:12:47 2021,143 [1034] INFO SETUP_NEW_INSTANCE - [CRON] SETUP INSTANCE - callDeploymentApi - Start
Thu Jan 14 10:12:55 2021,219 [1035] INFO PLATFORM - [CRON] Started sendInvitation
Thu Jan 14 10:12:55 2021,224 [1035] INFO PLATFORM - [CRON] Finished sendInvitation
Thu Jan 14 10:12:55 2021,242 [1035] INFO PLATFORM - [CRON] Started sendCalendarReminder
Thu Jan 14 10:12:55 2021,314 [1035] INFO PLATFORM - [CRON] Finished sendCalendarReminder
Thu Jan 14 10:12:55 2021,330 [1035] INFO PLATFORM - [CRON] Started sendReminderMsg
Thu Jan 14 10:12:55 2021,344 [1035] INFO PLATFORM - [CRON] Finished sendReminderMsg
Thu Jan 14 10:12:55 2021,361 [1035] INFO PLATFORM - [CRON] Started processEmailQueue
Thu Jan 14 10:12:55 2021,383 [1035] INFO PLATFORM - [CRON] Finished processEmailQueue
Thu Jan 14 10:14:58 2021,352 [1034] INFO SETUP_NEW_INSTANCE - [CRON] SETUP INSTANCE - callDeploymentApi - End
Thu Jan 14 10:14:58 2021,354 [1034] INFO SETUP_NEW_INSTANCE - [CRON] SETUP INSTANCE - callDeploymentApi - Start
Thu Jan 14 10:17:09 2021,426 [1034] INFO SETUP_NEW_INSTANCE - [CRON] SETUP INSTANCE - callDeploymentApi - End
Thu Jan 14 10:17:09 2021,432 [1034] ERROR SETUP_NEW_INSTANCE - [CRON] SETUP INSTANCE - check InstanceInfo: Not Existed Instance
Thu Jan 14 10:34:54 2021,119 [5110] INFO PLATFORM - [CRON] Started sendInvitation
Thu Jan 14 10:34:54 2021,141 [5110] INFO PLATFORM - [CRON] Finished sendInvitation
Thu Jan 14 10:34:54 2021,159 [5110] INFO PLATFORM - [CRON] Started sendCalendarReminder
Thu Jan 14 10:34:54 2021,207 [5110] INFO PLATFORM - [CRON] Finished sendCalendarReminder
Thu Jan 14 10:34:54 2021,227 [5110] INFO PLATFORM - [CRON] Started sendReminderMsg
Thu Jan 14 10:34:54 2021,251 [5110] INFO PLATFORM - [CRON] Finished sendReminderMsg
Thu Jan 14 10:34:54 2021,271 [5110] INFO PLATFORM - [CRON] Started processEmailQueue
Thu Jan 14 10:34:54 2021,302 [5110] INFO PLATFORM - [CRON] Finished processEmailQueue
Thu Jan 14 10:34:54 2021,382 [5110] INFO SETUP_NEW_INSTANCE - [CRON] SETUP INSTANCE - Start Setup
Thu Jan 14 10:34:54 2021,386 [5110] INFO SETUP_NEW_INSTANCE - [CRON] SETUP INSTANCE - callDeploymentApi - Start
Thu Jan 14 10:37:05 2021,463 [5110] INFO SETUP_NEW_INSTANCE - [CRON] SETUP INSTANCE - callDeploymentApi - End
Thu Jan 14 10:37:05 2021,467 [5110] INFO SETUP_NEW_INSTANCE - [CRON] SETUP INSTANCE - callDeploymentApi - Start
Thu Jan 14 10:39:16 2021,597 [5110] INFO SETUP_NEW_INSTANCE - [CRON] SETUP INSTANCE - callDeploymentApi - End
Thu Jan 14 10:39:16 2021,638 [5110] ERROR SETUP_NEW_INSTANCE - [CRON] SETUP INSTANCE - check InstanceInfo: Not Existed Instance
Thu Jan 14 10:55:03 2021,792 [5115] INFO PLATFORM - [CRON] Started sendInvitation
Thu Jan 14 10:55:03 2021,811 [5115] INFO PLATFORM - [CRON] Finished sendInvitation
Thu Jan 14 10:55:03 2021,828 [5115] INFO PLATFORM - [CRON] Started sendCalendarReminder
Thu Jan 14 10:55:03 2021,907 [5115] INFO PLATFORM - [CRON] Finished sendCalendarReminder
Thu Jan 14 10:55:03 2021,926 [5115] INFO PLATFORM - [CRON] Started sendReminderMsg
Thu Jan 14 10:55:03 2021,953 [5115] INFO PLATFORM - [CRON] Finished sendReminderMsg
Thu Jan 14 10:55:03 2021,985 [5115] INFO PLATFORM - [CRON] Started processEmailQueue
Thu Jan 14 10:55:04 2021,077 [5115] INFO PLATFORM - [CRON] Finished processEmailQueue
Thu Jan 14 10:55:04 2021,133 [5115] INFO SETUP_NEW_INSTANCE - [CRON] SETUP INSTANCE - Start Setup
Thu Jan 14 10:55:04 2021,153 [5115] INFO SETUP_NEW_INSTANCE - [CRON] SETUP INSTANCE - callDeploymentApi - Start
Thu Jan 14 10:56:33 2021,820 [5060] INFO PLATFORM - [CRON] Started sendInvitation
Thu Jan 14 10:56:33 2021,826 [5060] INFO PLATFORM - [CRON] Finished sendInvitation
Thu Jan 14 10:56:33 2021,841 [5060] INFO PLATFORM - [CRON] Started sendCalendarReminder
Thu Jan 14 10:56:33 2021,880 [5060] INFO PLATFORM - [CRON] Finished sendCalendarReminder
Thu Jan 14 10:56:33 2021,897 [5060] INFO PLATFORM - [CRON] Started sendReminderMsg
Thu Jan 14 10:56:33 2021,914 [5060] INFO PLATFORM - [CRON] Finished sendReminderMsg
Thu Jan 14 10:56:33 2021,931 [5060] INFO PLATFORM - [CRON] Started processEmailQueue
Thu Jan 14 10:56:33 2021,957 [5060] INFO PLATFORM - [CRON] Finished processEmailQueue
Thu Jan 14 10:56:59 2021,897 [18172] INFO PLATFORM - [CRON] Started sendInvitation
Thu Jan 14 10:56:59 2021,904 [18172] INFO PLATFORM - [CRON] Finished sendInvitation
Thu Jan 14 10:56:59 2021,929 [18172] INFO PLATFORM - [CRON] Started sendCalendarReminder
Thu Jan 14 10:56:59 2021,970 [18172] INFO PLATFORM - [CRON] Finished sendCalendarReminder
Thu Jan 14 10:56:59 2021,986 [18172] INFO PLATFORM - [CRON] Started sendReminderMsg
Thu Jan 14 10:56:59 2021,995 [18172] INFO PLATFORM - [CRON] Finished sendReminderMsg
Thu Jan 14 10:57:00 2021,013 [18172] INFO PLATFORM - [CRON] Started processEmailQueue
Thu Jan 14 10:57:00 2021,053 [18172] INFO PLATFORM - [CRON] Finished processEmailQueue
Thu Jan 14 10:57:13 2021,775 [5115] INFO SETUP_NEW_INSTANCE - [CRON] SETUP INSTANCE - callDeploymentApi - End
Thu Jan 14 10:57:13 2021,776 [5115] INFO SETUP_NEW_INSTANCE - [CRON] SETUP INSTANCE - callDeploymentApi - Start
Thu Jan 14 10:57:16 2021,087 [1036] INFO PLATFORM - [CRON] Started sendInvitation
Thu Jan 14 10:57:16 2021,092 [1036] INFO PLATFORM - [CRON] Finished sendInvitation
Thu Jan 14 10:57:16 2021,109 [1036] INFO PLATFORM - [CRON] Started sendCalendarReminder
Thu Jan 14 10:57:16 2021,142 [1036] INFO PLATFORM - [CRON] Finished sendCalendarReminder
Thu Jan 14 10:57:16 2021,158 [1036] INFO PLATFORM - [CRON] Started sendReminderMsg
Thu Jan 14 10:57:16 2021,171 [1036] INFO PLATFORM - [CRON] Finished sendReminderMsg
Thu Jan 14 10:57:16 2021,191 [1036] INFO PLATFORM - [CRON] Started processEmailQueue
Thu Jan 14 10:57:16 2021,224 [1036] INFO PLATFORM - [CRON] Finished processEmailQueue
Thu Jan 14 10:57:17 2021,103 [1036] INFO PLATFORM - [CRON] Started sendInvitation
Thu Jan 14 10:57:17 2021,106 [1036] INFO PLATFORM - [CRON] Finished sendInvitation
Thu Jan 14 10:57:17 2021,123 [1036] INFO PLATFORM - [CRON] Started sendCalendarReminder
Thu Jan 14 10:57:17 2021,146 [1036] INFO PLATFORM - [CRON] Finished sendCalendarReminder
Thu Jan 14 10:57:17 2021,160 [1036] INFO PLATFORM - [CRON] Started sendReminderMsg
Thu Jan 14 10:57:17 2021,167 [1036] INFO PLATFORM - [CRON] Finished sendReminderMsg
Thu Jan 14 10:57:17 2021,187 [1036] INFO PLATFORM - [CRON] Started processEmailQueue
Thu Jan 14 10:57:17 2021,197 [1036] INFO PLATFORM - [CRON] Finished processEmailQueue
Thu Jan 14 10:57:31 2021,541 [1042] INFO PLATFORM - [CRON] Started sendInvitation
Thu Jan 14 10:57:31 2021,560 [1042] INFO PLATFORM - [CRON] Finished sendInvitation
Thu Jan 14 10:57:31 2021,603 [1042] INFO PLATFORM - [CRON] Started sendCalendarReminder
Thu Jan 14 10:57:31 2021,658 [1042] INFO PLATFORM - [CRON] Finished sendCalendarReminder
Thu Jan 14 10:57:31 2021,689 [1042] INFO PLATFORM - [CRON] Started sendReminderMsg
Thu Jan 14 10:57:31 2021,707 [1042] INFO PLATFORM - [CRON] Finished sendReminderMsg
Thu Jan 14 10:57:31 2021,727 [1042] INFO PLATFORM - [CRON] Started processEmailQueue
Thu Jan 14 10:57:31 2021,756 [1042] INFO PLATFORM - [CRON] Finished processEmailQueue
Thu Jan 14 10:57:50 2021,613 [5084] INFO PLATFORM - [CRON] Started sendInvitation
Thu Jan 14 10:57:50 2021,622 [5084] INFO PLATFORM - [CRON] Finished sendInvitation
Thu Jan 14 10:57:50 2021,637 [5084] INFO PLATFORM - [CRON] Started sendCalendarReminder
Thu Jan 14 10:57:50 2021,682 [5084] INFO PLATFORM - [CRON] Finished sendCalendarReminder
Thu Jan 14 10:57:50 2021,698 [5084] INFO PLATFORM - [CRON] Started sendReminderMsg
Thu Jan 14 10:57:50 2021,715 [5084] INFO PLATFORM - [CRON] Finished sendReminderMsg
Thu Jan 14 10:57:50 2021,732 [5084] INFO PLATFORM - [CRON] Started processEmailQueue
Thu Jan 14 10:57:50 2021,762 [5084] INFO PLATFORM - [CRON] Finished processEmailQueue
Thu Jan 14 10:59:14 2021,084 [1035] INFO PLATFORM - [CRON] Started sendInvitation
Thu Jan 14 10:59:14 2021,091 [1035] INFO PLATFORM - [CRON] Finished sendInvitation
Thu Jan 14 10:59:14 2021,108 [1035] INFO PLATFORM - [CRON] Started sendCalendarReminder
Thu Jan 14 10:59:14 2021,153 [1035] INFO PLATFORM - [CRON] Finished sendCalendarReminder
Thu Jan 14 10:59:14 2021,180 [1035] INFO PLATFORM - [CRON] Started sendReminderMsg
Thu Jan 14 10:59:14 2021,194 [1035] INFO PLATFORM - [CRON] Finished sendReminderMsg
Thu Jan 14 10:59:14 2021,210 [1035] INFO PLATFORM - [CRON] Started processEmailQueue
Thu Jan 14 10:59:14 2021,235 [1035] INFO PLATFORM - [CRON] Finished processEmailQueue
Thu Jan 14 10:59:15 2021,732 [1035] INFO PLATFORM - [CRON] Started sendInvitation
Thu Jan 14 10:59:15 2021,734 [1035] INFO PLATFORM - [CRON] Finished sendInvitation
Thu Jan 14 10:59:15 2021,763 [1035] INFO PLATFORM - [CRON] Started sendCalendarReminder
Thu Jan 14 10:59:15 2021,782 [1035] INFO PLATFORM - [CRON] Finished sendCalendarReminder
Thu Jan 14 10:59:15 2021,798 [1035] INFO PLATFORM - [CRON] Started sendReminderMsg
Thu Jan 14 10:59:15 2021,805 [1035] INFO PLATFORM - [CRON] Finished sendReminderMsg
Thu Jan 14 10:59:15 2021,821 [1035] INFO PLATFORM - [CRON] Started processEmailQueue
Thu Jan 14 10:59:15 2021,839 [1035] INFO PLATFORM - [CRON] Finished processEmailQueue
Thu Jan 14 10:59:17 2021,020 [1035] INFO PLATFORM - [CRON] Started sendInvitation
Thu Jan 14 10:59:17 2021,024 [1035] INFO PLATFORM - [CRON] Finished sendInvitation
Thu Jan 14 10:59:17 2021,054 [1035] INFO PLATFORM - [CRON] Started sendCalendarReminder
Thu Jan 14 10:59:17 2021,078 [1035] INFO PLATFORM - [CRON] Finished sendCalendarReminder
Thu Jan 14 10:59:17 2021,095 [1035] INFO PLATFORM - [CRON] Started sendReminderMsg
Thu Jan 14 10:59:17 2021,102 [1035] INFO PLATFORM - [CRON] Finished sendReminderMsg
Thu Jan 14 10:59:17 2021,121 [1035] INFO PLATFORM - [CRON] Started processEmailQueue
Thu Jan 14 10:59:17 2021,135 [1035] INFO PLATFORM - [CRON] Finished processEmailQueue
Thu Jan 14 10:59:24 2021,845 [5115] INFO SETUP_NEW_INSTANCE - [CRON] SETUP INSTANCE - callDeploymentApi - End
Thu Jan 14 10:59:24 2021,846 [5115] ERROR SETUP_NEW_INSTANCE - [CRON] SETUP INSTANCE - check InstanceInfo: Not Existed Instance
Thu Jan 14 11:00:04 2021,837 [5110] INFO PLATFORM - [CRON] Started sendInvitation
Thu Jan 14 11:00:04 2021,844 [5110] INFO PLATFORM - [CRON] Finished sendInvitation
Thu Jan 14 11:00:46 2021,450 [1034] INFO PLATFORM - [CRON] Started sendInvitation
Thu Jan 14 11:00:46 2021,455 [1034] INFO PLATFORM - [CRON] Finished sendInvitation
Thu Jan 14 11:01:13 2021,717 [1034] INFO PLATFORM - [CRON] Started sendCalendarReminder
Thu Jan 14 11:01:13 2021,747 [1034] INFO PLATFORM - [CRON] Finished sendCalendarReminder
Thu Jan 14 11:01:13 2021,763 [1034] INFO PLATFORM - [CRON] Started sendReminderMsg
Thu Jan 14 11:01:13 2021,773 [1034] INFO PLATFORM - [CRON] Finished sendReminderMsg
Thu Jan 14 11:01:13 2021,811 [1034] INFO PLATFORM - [CRON] Started processEmailQueue
Thu Jan 14 11:01:13 2021,832 [1034] INFO PLATFORM - [CRON] Finished processEmailQueue
Thu Jan 14 11:01:13 2021,878 [1034] INFO SETUP_NEW_INSTANCE - [CRON] SETUP INSTANCE - Start Setup
Thu Jan 14 11:01:13 2021,882 [1034] INFO SETUP_NEW_INSTANCE - [CRON] SETUP INSTANCE - callDeploymentApi - Start
Thu Jan 14 11:02:09 2021,998 [18172] INFO PLATFORM - [CRON] Started sendInvitation
Thu Jan 14 11:02:10 2021,001 [18172] INFO PLATFORM - [CRON] Finished sendInvitation
Thu Jan 14 11:02:10 2021,016 [18172] INFO PLATFORM - [CRON] Started sendCalendarReminder
Thu Jan 14 11:02:10 2021,040 [18172] INFO PLATFORM - [CRON] Finished sendCalendarReminder
Thu Jan 14 11:02:10 2021,082 [18172] INFO PLATFORM - [CRON] Started sendReminderMsg
Thu Jan 14 11:02:10 2021,087 [18172] INFO PLATFORM - [CRON] Finished sendReminderMsg
Thu Jan 14 11:02:10 2021,107 [18172] INFO PLATFORM - [CRON] Started processEmailQueue
Thu Jan 14 11:02:10 2021,132 [18172] INFO PLATFORM - [CRON] Finished processEmailQueue
Thu Jan 14 11:03:24 2021,532 [1034] INFO SETUP_NEW_INSTANCE - [CRON] SETUP INSTANCE - callDeploymentApi - End
Thu Jan 14 11:03:24 2021,533 [1034] INFO SETUP_NEW_INSTANCE - [CRON] SETUP INSTANCE - callDeploymentApi - Start
Thu Jan 14 11:03:29 2021,102 [1042] INFO PLATFORM - [CRON] Started sendInvitation
Thu Jan 14 11:03:29 2021,105 [1042] INFO PLATFORM - [CRON] Finished sendInvitation
Thu Jan 14 11:03:29 2021,501 [1042] INFO PLATFORM - [CRON] Started sendCalendarReminder
Thu Jan 14 11:03:29 2021,508 [1042] INFO PLATFORM - [CRON] Finished sendCalendarReminder
Thu Jan 14 11:03:29 2021,522 [1042] INFO PLATFORM - [CRON] Started sendReminderMsg
Thu Jan 14 11:03:29 2021,527 [1042] INFO PLATFORM - [CRON] Finished sendReminderMsg
Thu Jan 14 11:03:29 2021,542 [1042] INFO PLATFORM - [CRON] Started processEmailQueue
Thu Jan 14 11:03:29 2021,554 [1042] INFO PLATFORM - [CRON] Finished processEmailQueue
Thu Jan 14 11:05:35 2021,538 [1034] INFO SETUP_NEW_INSTANCE - [CRON] SETUP INSTANCE - callDeploymentApi - End
Thu Jan 14 11:05:35 2021,539 [1034] ERROR SETUP_NEW_INSTANCE - [CRON] SETUP INSTANCE - check InstanceInfo: Not Existed Instance
Thu Jan 14 11:12:54 2021,879 [1036] INFO PLATFORM - [CRON] Started sendInvitation
Thu Jan 14 11:12:54 2021,885 [1036] INFO PLATFORM - [CRON] Finished sendInvitation
Thu Jan 14 11:12:54 2021,897 [1036] INFO PLATFORM - [CRON] Started sendCalendarReminder
Thu Jan 14 11:12:54 2021,923 [1036] INFO PLATFORM - [CRON] Finished sendCalendarReminder
Thu Jan 14 11:12:54 2021,933 [1036] INFO PLATFORM - [CRON] Started sendReminderMsg
Thu Jan 14 11:12:54 2021,947 [1036] INFO PLATFORM - [CRON] Finished sendReminderMsg
Thu Jan 14 11:12:54 2021,959 [1036] INFO PLATFORM - [CRON] Started processEmailQueue
Thu Jan 14 11:12:54 2021,980 [1036] INFO PLATFORM - [CRON] Finished processEmailQueue
Thu Jan 14 11:12:55 2021,009 [1036] INFO SETUP_NEW_INSTANCE - [CRON] SETUP INSTANCE - Start Setup
Thu Jan 14 11:12:55 2021,013 [1036] INFO SETUP_NEW_INSTANCE - [CRON] SETUP INSTANCE - callDeploymentApi - Start
Thu Jan 14 11:15:04 2021,900 [1036] INFO SETUP_NEW_INSTANCE - [CRON] SETUP INSTANCE - callDeploymentApi - End
Thu Jan 14 11:15:04 2021,915 [1036] INFO SETUP_NEW_INSTANCE - [CRON] SETUP INSTANCE - callDeploymentApi - Start
Thu Jan 14 11:17:15 2021,949 [1036] INFO SETUP_NEW_INSTANCE - [CRON] SETUP INSTANCE - callDeploymentApi - End
Thu Jan 14 11:17:15 2021,956 [1036] ERROR SETUP_NEW_INSTANCE - [CRON] SETUP INSTANCE - check InstanceInfo: Not Existed Instance
